Error while loading conda entry point: conda-libmamba-solver (/lib64/libstdc++.so.6: version `GLIBCXX_3.4.29' not found (required by /home/sureshp/anaconda3/lib/python3.11/site-packages/libmambapy/bindings.cpython-311-x86_64-linux-gnu.so))
usage: conda [-h] [--no-plugins] [-V] COMMAND ...
conda: error: argument COMMAND: invalid choice: 'activate' (choose from 'clean', 'compare', 'config', 'create', 'info', 'init', 'install', 'list', 'notices', 'package', 'remove', 'uninstall', 'rename', 'run', 'search', 'update', 'upgrade', 'build', 'content-trust', 'convert', 'debug', 'develop', 'doctor', 'index', 'inspect', 'metapackage', 'render', 'skeleton', 'env', 'token', 'server', 'repo', 'verify', 'pack')
Sun May 12 17:33:31 2024       
+---------------------------------------------------------------------------------------+
| NVIDIA-SMI 535.104.05             Driver Version: 535.104.05   CUDA Version: 12.2     |
|-----------------------------------------+----------------------+----------------------+
| GPU  Name                 Persistence-M | Bus-Id        Disp.A | Volatile Uncorr. ECC |
| Fan  Temp   Perf          Pwr:Usage/Cap |         Memory-Usage | GPU-Util  Compute M. |
|                                         |                      |               MIG M. |
|=========================================+======================+======================|
|   0  NVIDIA A100-SXM4-80GB          On  | 00000000:01:00.0 Off |                    0 |
| N/A   25C    P0              58W / 500W |      4MiB / 81920MiB |      0%      Default |
|                                         |                      |             Disabled |
+-----------------------------------------+----------------------+----------------------+
                                                                                         
+---------------------------------------------------------------------------------------+
| Processes:                                                                            |
|  GPU   GI   CI        PID   Type   Process name                            GPU Memory |
|        ID   ID                                                             Usage      |
|=======================================================================================|
|  No running processes found                                                           |
+---------------------------------------------------------------------------------------+

-------------------- /mnt/it_software/easybuild/modules/all --------------------
   ABySS/2.2.5-foss-2020b
   ADMIXTURE/1.3.0
   ATK/2.38.0-GCCcore-11.3.0
   Anaconda2/2019.10
   Anaconda3/2020.11
   Anaconda3/2022.10                                (D)
   Autoconf/2.69-GCCcore-8.2.0
   Autoconf/2.69-GCCcore-10.2.0
   Autoconf/2.71-GCCcore-10.3.0
   Autoconf/2.71-GCCcore-11.2.0
   Autoconf/2.71-GCCcore-11.3.0
   Autoconf/2.71-GCCcore-12.2.0
   Autoconf/2.71-GCCcore-12.3.0
   Autoconf/2.71                                    (D)
   Automake/1.16.1-GCCcore-8.2.0
   Automake/1.16.2-GCCcore-10.2.0
   Automake/1.16.3-GCCcore-10.3.0
   Automake/1.16.4-GCCcore-11.2.0
   Automake/1.16.5-GCCcore-11.3.0
   Automake/1.16.5-GCCcore-12.2.0
   Automake/1.16.5-GCCcore-12.3.0
   Automake/1.16.5                                  (D)
   Autotools/20180311-GCCcore-8.2.0
   Autotools/20200321-GCCcore-10.2.0
   Autotools/20210128-GCCcore-10.3.0
   Autotools/20210726-GCCcore-11.2.0
   Autotools/20220317-GCCcore-11.3.0
   Autotools/20220317-GCCcore-12.2.0
   Autotools/20220317-GCCcore-12.3.0
   Autotools/20220317                               (D)
   BEDTools/2.31.0-GCC-12.3.0
   BLIS/0.8.1-GCC-11.2.0
   BLIS/0.9.0-GCC-11.3.0
   BLIS/0.9.0-GCC-12.2.0
   BLIS/0.9.0-GCC-12.3.0                            (D)
   BWA/0.7.17-GCC-10.3.0
   BamTools/2.5.2-GCC-12.3.0
   Bazel/5.1.1-GCCcore-11.3.0
   BeautifulSoup/4.11.1-GCCcore-12.2.0
   Biopython/1.79-foss-2021b
   Biopython/1.79-foss-2022a
   Biopython/1.81-foss-2022b                        (D)
   Bison/3.0.4
   Bison/3.0.5-GCCcore-8.2.0
   Bison/3.0.5
   Bison/3.7.1-GCCcore-10.2.0
   Bison/3.7.6-GCCcore-10.3.0
   Bison/3.7.6-GCCcore-11.2.0
   Bison/3.8.2-GCCcore-11.3.0
   Bison/3.8.2-GCCcore-12.2.0
   Bison/3.8.2-GCCcore-12.3.0
   Bison/3.8.2                                      (D)
   Boost/1.74.0-GCC-10.2.0
   Boost/1.77.0-GCC-11.2.0
   Boost/1.79.0-GCC-11.3.0                          (D)
   Bowtie2/2.5.1-GCC-12.3.0
   Brotli/1.0.9-GCCcore-10.2.0
   Brotli/1.0.9-GCCcore-11.2.0
   Brotli/1.0.9-GCCcore-11.3.0                      (D)
   CMake/3.18.4-GCCcore-10.2.0
   CMake/3.20.1-GCCcore-10.3.0
   CMake/3.21.1-GCCcore-11.2.0
   CMake/3.22.1-GCCcore-11.2.0
   CMake/3.23.1-GCCcore-11.3.0
   CMake/3.24.3-GCCcore-11.3.0
   CMake/3.24.3-GCCcore-12.2.0
   CMake/3.26.3-GCCcore-12.3.0                      (D)
   CUDA/11.1.1-GCC-10.2.0
   CUDA/11.4.1
   CUDA/11.7.0                                      (D)
   CUDAcore/11.1.1
   Cbc/2.10.5-foss-2022b
   Cgl/0.60.7-foss-2022b
   Check/0.15.2-GCCcore-10.2.0
   Clp/1.17.8-foss-2022b
   CoinUtils/2.11.9-GCC-12.2.0
   DB/18.1.32-GCCcore-8.2.0
   DB/18.1.40-GCCcore-10.2.0
   DB/18.1.40-GCCcore-10.3.0
   DB/18.1.40-GCCcore-11.2.0
   DB/18.1.40-GCCcore-11.3.0
   DB/18.1.40-GCCcore-12.2.0                        (D)
   DBus/1.13.18-GCCcore-10.2.0
   Doxygen/1.8.20-GCCcore-10.2.0
   Doxygen/1.9.1-GCCcore-11.2.0
   Doxygen/1.9.4-GCCcore-11.3.0
   Doxygen/1.9.5-GCCcore-12.2.0                     (D)
   EMBOSS/6.6.0-foss-2021b
   Eigen/3.3.8-GCCcore-10.2.0
   Eigen/3.3.9-GCCcore-11.2.0
   Eigen/3.4.0-GCCcore-11.2.0
   Eigen/3.4.0-GCCcore-11.3.0
   Eigen/3.4.0-GCCcore-12.2.0                       (D)
   FFTW.MPI/3.3.10-gompi-2022a
   FFTW.MPI/3.3.10-gompi-2022b
   FFTW.MPI/3.3.10-gompi-2023a                      (D)
   FFTW/3.3.8-gompi-2020b
   FFTW/3.3.10-GCC-11.3.0
   FFTW/3.3.10-GCC-12.2.0
   FFTW/3.3.10-GCC-12.3.0
   FFTW/3.3.10-gompi-2021b                          (D)
   FFmpeg/4.3.2-GCCcore-11.2.0
   FFmpeg/4.4.2-GCCcore-11.3.0                      (D)
   FLAC/1.3.4-GCCcore-11.3.0
   FastTree/2.1.11-GCCcore-11.3.0
   FlexiBLAS/3.0.4-GCC-11.2.0
   FlexiBLAS/3.2.0-GCC-11.3.0
   FlexiBLAS/3.2.1-GCC-12.2.0
   FlexiBLAS/3.3.1-GCC-12.3.0                       (D)
   FriBidi/1.0.10-GCCcore-11.2.0
   FriBidi/1.0.12-GCCcore-11.3.0                    (D)
   GARLI/2.01-gompi-2019a
   GCC/8.2.0-2.31.1
   GCC/10.2.0
   GCC/10.3.0
   GCC/11.2.0
   GCC/11.3.0
   GCC/12.2.0
   GCC/12.3.0                                       (D)
   GCCcore/8.2.0
   GCCcore/10.2.0
   GCCcore/10.3.0
   GCCcore/11.2.0
   GCCcore/11.3.0
   GCCcore/12.2.0
   GCCcore/12.3.0                                   (D)
   GDAL/3.5.0-foss-2022a
   GDRCopy/2.1-GCCcore-10.2.0-CUDA-11.1.1
   GDRCopy/2.3-GCCcore-11.2.0
   GDRCopy/2.3-GCCcore-11.3.0                       (D)
   GEOS/3.10.3-GCC-11.3.0
   GLM/0.9.9.8-GCCcore-10.2.0
   GLPK/5.0-GCCcore-11.3.0
   GLPK/5.0-GCCcore-12.2.0                          (D)
   GLib/2.66.1-GCCcore-10.2.0
   GLib/2.72.1-GCCcore-11.3.0                       (D)
   GMP/6.2.0-GCCcore-10.2.0
   GMP/6.2.1-GCCcore-11.2.0
   GMP/6.2.1-GCCcore-11.3.0
   GMP/6.2.1-GCCcore-12.2.0                         (D)
   GObject-Introspection/1.72.0-GCCcore-11.3.0
   GSL/2.7-GCC-11.2.0
   GSL/2.7-GCC-11.3.0                               (D)
   GTK2/2.24.33-GCCcore-11.3.0
   Gdk-Pixbuf/2.42.8-GCCcore-11.3.0
   Ghostscript/9.56.1-GCCcore-11.3.0
   GitPython/3.1.24-GCCcore-11.2.0
   GitPython/3.1.31-GCCcore-12.2.0                  (D)
   Go/1.16.5
   HDF/4.2.15-GCCcore-11.3.0
   HDF5/1.10.7-gompi-2020b
   HDF5/1.10.7-gompi-2021a
   HDF5/1.12.1-gompi-2021b
   HDF5/1.12.2-gompi-2022a                          (D)
   HH-suite/3.3.0-gompi-2022a
   HMMER/3.3.2-gompi-2022a
   HMMER/3.3.2-gompic-2020b                         (D)
   HPL/2.3-foss-2021b
   HarfBuzz/4.2.1-GCCcore-11.3.0
   ICU/69.1-GCCcore-11.2.0
   ICU/71.1-GCCcore-11.3.0                          (D)
   IPython/7.26.0-GCCcore-11.2.0
   IPython/8.14.0-GCCcore-12.2.0                    (D)
   ImageMagick/7.1.0-37-GCCcore-11.3.0
   JasPer/2.0.24-GCCcore-10.2.0
   JasPer/2.0.33-GCCcore-11.3.0                     (D)
   Java/11.0.20                                     (11)
   Java/17.0.6                                      (D:17)
   JsonCpp/1.9.5-GCCcore-11.3.0
   Judy/1.0.5-GCCcore-11.2.0
   Kalign/3.3.5-GCCcore-11.3.0
   Kent_tools/422-GCC-11.2.0
   LAME/3.100-GCCcore-11.2.0
   LAME/3.100-GCCcore-11.3.0
   LAME/3.100-GCCcore-12.3.0                        (D)
   LAMMPS/23Jun2022-foss-2021b-kokkos
   LLVM/11.0.0-GCCcore-10.2.0
   LLVM/12.0.1-GCCcore-11.2.0
   LLVM/14.0.3-GCCcore-11.3.0                       (D)
   LZO/2.10-GCCcore-11.2.0
   LibTIFF/4.3.0-GCCcore-11.3.0
   LittleCMS/2.13.1-GCCcore-11.3.0
   M4/1.4.17
   M4/1.4.18-GCCcore-8.2.0
   M4/1.4.18-GCCcore-10.2.0
   M4/1.4.18-GCCcore-10.3.0
   M4/1.4.18
   M4/1.4.19-GCCcore-11.2.0
   M4/1.4.19-GCCcore-11.3.0
   M4/1.4.19-GCCcore-12.2.0
   M4/1.4.19-GCCcore-12.3.0
   M4/1.4.19                                        (D)
   MAFFT/7.490-gompi-2021b-with-extensions
   MAFFT/7.520-GCC-12.3.0-with-extensions           (D)
   METIS/5.1.0-GCCcore-12.2.0
   MPFR/4.1.0-GCCcore-11.3.0
   MUMPS/5.6.1-foss-2022b-metis
   MUSCLE/5.1.0-GCCcore-11.3.0
   Mako/1.1.3-GCCcore-10.2.0
   Mako/1.1.4-GCCcore-11.2.0
   Mako/1.2.0-GCCcore-11.3.0                        (D)
   MariaDB/10.6.4-GCC-11.2.0
   Mesa/20.2.1-GCCcore-10.2.0
   Mesa/21.1.7-GCCcore-11.2.0
   Mesa/22.0.3-GCCcore-11.3.0                       (D)
   Meson/0.55.3-GCCcore-10.2.0
   Meson/0.58.2-GCCcore-11.2.0
   Meson/0.62.1-GCCcore-11.3.0
   Meson/0.64.0-GCCcore-12.2.0                      (D)
   NAMD/2.14-foss-2022a-CUDA-11.7.0
   NASM/2.15.05-GCCcore-10.2.0
   NASM/2.15.05-GCCcore-11.2.0
   NASM/2.15.05-GCCcore-11.3.0                      (D)
   NCCL/2.10.3-GCCcore-11.2.0-CUDA-11.4.1
   NCCL/2.12.12-GCCcore-11.3.0-CUDA-11.7.0          (D)
   NEXUS-CL/2.1.18-GCC-8.2.0-2.31.1
   NLopt/2.7.1-GCCcore-11.3.0
   NSPR/4.29-GCCcore-10.2.0
   NSS/3.57-GCCcore-10.2.0
   Ninja/1.10.1-GCCcore-10.2.0
   Ninja/1.10.2-GCCcore-11.2.0
   Ninja/1.10.2-GCCcore-11.3.0
   Ninja/1.11.1-GCCcore-12.2.0                      (D)
   OpenBLAS/0.3.12-GCC-10.2.0
   OpenBLAS/0.3.18-GCC-11.2.0
   OpenBLAS/0.3.20-GCC-11.3.0
   OpenBLAS/0.3.21-GCC-12.2.0
   OpenBLAS/0.3.23-GCC-12.3.0                       (D)
   OpenJPEG/2.5.0-GCCcore-11.3.0
   OpenMM/8.0.0-foss-2022a-CUDA-11.7.0
   OpenMPI/3.1.3-GCC-8.2.0-2.31.1
   OpenMPI/4.0.5-GCC-10.2.0
   OpenMPI/4.0.5-gcccuda-2020b
   OpenMPI/4.1.1-GCC-10.3.0
   OpenMPI/4.1.1-GCC-11.2.0
   OpenMPI/4.1.4-GCC-11.3.0
   OpenMPI/4.1.4-GCC-12.2.0
   OpenMPI/4.1.5-GCC-12.3.0                         (D)
   OpenPGM/5.2.122-GCCcore-11.2.0
   OpenPGM/5.2.122-GCCcore-11.3.0
   OpenPGM/5.2.122-GCCcore-12.2.0                   (D)
   OpenSSL/1.1
   Osi/0.108.8-GCC-12.2.0
   PCRE/8.44-GCCcore-10.2.0
   PCRE/8.45-GCCcore-11.2.0
   PCRE/8.45-GCCcore-11.3.0                         (D)
   PCRE2/10.35-GCCcore-10.2.0
   PCRE2/10.37-GCCcore-11.2.0
   PCRE2/10.40-GCCcore-11.3.0
   PCRE2/10.40-GCCcore-12.2.0                       (D)
   PLUMED/2.7.3-foss-2021b
   PLUMED/2.8.1-foss-2022a                          (D)
   PMIx/3.1.5-GCCcore-10.2.0
   PMIx/3.2.3-GCCcore-10.3.0
   PMIx/4.1.0-GCCcore-11.2.0
   PMIx/4.1.2-GCCcore-11.3.0
   PMIx/4.2.2-GCCcore-12.2.0
   PMIx/4.2.4-GCCcore-12.3.0                        (D)
   PROJ/9.0.0-GCCcore-11.3.0
   Pango/1.50.7-GCCcore-11.3.0
   Perl/5.28.1-GCCcore-8.2.0
   Perl/5.32.0-GCCcore-10.2.0-minimal
   Perl/5.32.0-GCCcore-10.2.0
   Perl/5.32.1-GCCcore-10.3.0-minimal
   Perl/5.32.1-GCCcore-10.3.0
   Perl/5.34.0-GCCcore-11.2.0
   Perl/5.34.1-GCCcore-11.3.0
   Perl/5.36.0-GCCcore-12.2.0
   Perl/5.36.1-GCCcore-12.3.0                       (D)
   Pillow/9.1.1-GCCcore-11.3.0
   PuLP/2.7.0-foss-2022b
   PyMOL/2.5.0-foss-2020b
   PyQt5/5.15.1-GCCcore-10.2.0
   PyYAML/5.4.1-GCCcore-11.2.0
   PyYAML/6.0-GCCcore-11.3.0
   PyYAML/6.0-GCCcore-12.2.0                        (D)
   Pysam/0.17.0-GCC-11.2.0
   Python/2.7.18-GCCcore-10.2.0
   Python/3.8.6-GCCcore-10.2.0
   Python/3.9.5-GCCcore-10.3.0-bare
   Python/3.9.6-GCCcore-11.2.0-bare
   Python/3.9.6-GCCcore-11.2.0
   Python/3.10.4-GCCcore-11.3.0-bare
   Python/3.10.4-GCCcore-11.3.0
   Python/3.10.8-GCCcore-12.2.0-bare
   Python/3.10.8-GCCcore-12.2.0
   Python/3.11.3-GCCcore-12.3.0                     (D)
   Qt5/5.14.2-GCCcore-10.2.0
   R/4.2.1-foss-2022a
   Rust/1.54.0-GCCcore-11.2.0
   Rust/1.60.0-GCCcore-11.3.0
   Rust/1.65.0-GCCcore-12.2.0                       (D)
   SAMtools/1.18-GCC-12.3.0
   SCOTCH/7.0.3-gompi-2022b
   SQLite/3.33.0-GCCcore-10.2.0
   SQLite/3.35.4-GCCcore-10.3.0
   SQLite/3.36-GCCcore-11.2.0
   SQLite/3.38.3-GCCcore-11.3.0
   SQLite/3.39.4-GCCcore-12.2.0
   SQLite/3.42.0-GCCcore-12.3.0                     (D)
   SRA-Toolkit/3.0.5-gompi-2021a
   SWIG/4.0.2-GCCcore-11.3.0
   ScaFaCoS/1.0.1-foss-2021b
   ScaFaCoS/1.0.4-foss-2022a                        (D)
   ScaLAPACK/2.1.0-gompi-2020b
   ScaLAPACK/2.1.0-gompi-2021b-fb
   ScaLAPACK/2.2.0-gompi-2022a-fb
   ScaLAPACK/2.2.0-gompi-2022b-fb
   ScaLAPACK/2.2.0-gompi-2023a-fb                   (D)
   SciPy-bundle/2020.11-foss-2020b
   SciPy-bundle/2021.10-foss-2021b
   SciPy-bundle/2022.05-foss-2022a
   SciPy-bundle/2023.02-gfbf-2022b                  (D)
   Szip/2.1.1-GCCcore-10.2.0
   Szip/2.1.1-GCCcore-10.3.0
   Szip/2.1.1-GCCcore-11.2.0
   Szip/2.1.1-GCCcore-11.3.0                        (D)
   Tcl/8.6.10-GCCcore-10.2.0
   Tcl/8.6.11-GCCcore-10.3.0
   Tcl/8.6.11-GCCcore-11.2.0
   Tcl/8.6.12-GCCcore-11.3.0
   Tcl/8.6.12-GCCcore-12.2.0
   Tcl/8.6.13-GCCcore-12.3.0                        (D)
   Tk/8.6.10-GCCcore-10.2.0
   Tk/8.6.12-GCCcore-11.3.0                         (D)
   Tkinter/3.8.6-GCCcore-10.2.0
   Tkinter/3.10.4-GCCcore-11.3.0                    (D)
   Trimmomatic/0.39-Java-17
   UCC/1.0.0-GCCcore-11.3.0
   UCC/1.1.0-GCCcore-12.2.0
   UCC/1.2.0-GCCcore-12.3.0                         (D)
   UCX-CUDA/1.11.2-GCCcore-11.2.0-CUDA-11.4.1
   UCX-CUDA/1.12.1-GCCcore-11.3.0-CUDA-11.7.0       (D)
   UCX/1.9.0-GCCcore-10.2.0-CUDA-11.1.1
   UCX/1.9.0-GCCcore-10.2.0
   UCX/1.10.0-GCCcore-10.3.0
   UCX/1.11.2-GCCcore-11.2.0
   UCX/1.12.1-GCCcore-11.3.0
   UCX/1.13.1-GCCcore-12.2.0
   UCX/1.14.1-GCCcore-12.3.0                        (D)
   UDUNITS/2.2.28-GCCcore-11.3.0
   UShER/0.5.0-gompi-2021b
   UnZip/6.0-GCCcore-10.2.0
   UnZip/6.0-GCCcore-10.3.0
   UnZip/6.0-GCCcore-11.2.0
   UnZip/6.0-GCCcore-11.3.0
   UnZip/6.0-GCCcore-12.2.0
   UnZip/6.0-GCCcore-12.3.0                         (D)
   VTK/9.1.0-foss-2021b
   VTK/9.2.2-foss-2022a                             (D)
   Voro++/0.4.6-GCCcore-11.2.0
   Voro++/0.4.6-GCCcore-11.3.0                      (D)
   X11/20201008-GCCcore-10.2.0
   X11/20210802-GCCcore-11.2.0
   X11/20220504-GCCcore-11.3.0                      (D)
   XZ/5.2.4-GCCcore-8.2.0
   XZ/5.2.5-GCCcore-10.2.0
   XZ/5.2.5-GCCcore-10.3.0
   XZ/5.2.5-GCCcore-11.2.0
   XZ/5.2.5-GCCcore-11.3.0
   XZ/5.2.7-GCCcore-12.2.0
   XZ/5.4.2-GCCcore-12.3.0                          (D)
   Xvfb/21.1.3-GCCcore-11.3.0
   Yasm/1.3.0-GCCcore-11.2.0
   Yasm/1.3.0-GCCcore-11.3.0                        (D)
   ZeroMQ/4.3.4-GCCcore-11.2.0
   ZeroMQ/4.3.4-GCCcore-12.2.0                      (D)
   Zip/3.0-GCCcore-11.3.0
   annovar/20200607-GCCcore-11.2.0-Perl-5.34.0
   archspec/0.1.3-GCCcore-11.2.0
   archspec/0.1.4-GCCcore-11.3.0                    (D)
   binutils/2.26
   binutils/2.31.1-GCCcore-8.2.0
   binutils/2.31.1
   binutils/2.35-GCCcore-10.2.0
   binutils/2.35
   binutils/2.36.1-GCCcore-10.3.0
   binutils/2.36.1
   binutils/2.37-GCCcore-11.2.0
   binutils/2.37
   binutils/2.38-GCCcore-11.3.0
   binutils/2.38
   binutils/2.39-GCCcore-12.2.0
   binutils/2.39
   binutils/2.40-GCCcore-12.3.0
   binutils/2.40                                    (D)
   bzip2/1.0.8-GCCcore-10.2.0
   bzip2/1.0.8-GCCcore-10.3.0
   bzip2/1.0.8-GCCcore-11.2.0
   bzip2/1.0.8-GCCcore-11.3.0
   bzip2/1.0.8-GCCcore-12.2.0
   bzip2/1.0.8-GCCcore-12.3.0                       (D)
   cURL/7.72.0-GCCcore-10.2.0
   cURL/7.76.0-GCCcore-10.3.0
   cURL/7.78.0-GCCcore-11.2.0
   cURL/7.83.0-GCCcore-11.3.0
   cURL/7.86.0-GCCcore-12.2.0
   cURL/8.0.1-GCCcore-12.3.0                        (D)
   cairo/1.17.4-GCCcore-11.3.0
   cppy/1.2.1-GCCcore-11.3.0
   cuDNN/8.4.1.50-CUDA-11.7.0
   dill/0.3.6-GCCcore-11.3.0
   double-conversion/3.1.5-GCCcore-10.2.0
   double-conversion/3.2.0-GCCcore-11.3.0           (D)
   expat/2.2.6-GCCcore-8.2.0
   expat/2.2.9-GCCcore-10.2.0
   expat/2.2.9-GCCcore-10.3.0
   expat/2.4.1-GCCcore-11.2.0
   expat/2.4.8-GCCcore-11.3.0
   expat/2.4.9-GCCcore-12.2.0                       (D)
   ffnvcodec/11.1.5.2
   file/5.40-GCCcore-10.3.0
   flatbuffers-python/2.0-GCCcore-11.3.0
   flatbuffers/2.0.7-GCCcore-11.3.0
   flex/2.6.0
   flex/2.6.4-GCCcore-8.2.0
   flex/2.6.4-GCCcore-10.2.0
   flex/2.6.4-GCCcore-10.3.0
   flex/2.6.4-GCCcore-11.2.0
   flex/2.6.4-GCCcore-11.3.0
   flex/2.6.4-GCCcore-12.2.0
   flex/2.6.4-GCCcore-12.3.0
   flex/2.6.4                                       (D)
   fontconfig/2.13.92-GCCcore-10.2.0
   fontconfig/2.13.94-GCCcore-11.2.0
   fontconfig/2.14.0-GCCcore-11.3.0                 (D)
   foss/2020b
   foss/2021b
   foss/2022a
   foss/2022b
   foss/2023a                                       (D)
   freetype/2.10.3-GCCcore-10.2.0
   freetype/2.11.0-GCCcore-11.2.0
   freetype/2.12.1-GCCcore-11.3.0                   (D)
   gcccuda/2020b
   gettext/0.19.8.1
   gettext/0.21-GCCcore-10.2.0
   gettext/0.21-GCCcore-11.2.0
   gettext/0.21-GCCcore-11.3.0
   gettext/0.21
   gettext/0.21.1-GCCcore-12.2.0
   gettext/0.21.1                                   (D)
   gfbf/2022b
   giflib/5.2.1-GCCcore-11.3.0
   git/2.28.0-GCCcore-10.2.0-nodocs
   git/2.33.1-GCCcore-11.2.0-nodocs
   git/2.36.0-GCCcore-11.3.0-nodocs
   git/2.38.1-GCCcore-12.2.0-nodocs                 (D)
   glew/2.1.0-GCCcore-10.2.0
   gofasta/0.0.5
   gompi/2019a
   gompi/2020b
   gompi/2021a
   gompi/2021b
   gompi/2022a
   gompi/2022b
   gompi/2023a                                      (D)
   gompic/2020b
   googletest/1.11.0-GCCcore-11.3.0
   gperf/3.1-GCCcore-10.2.0
   gperf/3.1-GCCcore-11.2.0
   gperf/3.1-GCCcore-11.3.0                         (D)
   groff/1.22.4-GCCcore-10.2.0
   groff/1.22.4-GCCcore-10.3.0
   groff/1.22.4-GCCcore-11.2.0
   groff/1.22.4-GCCcore-11.3.0
   groff/1.22.4-GCCcore-12.2.0                      (D)
   gzip/1.10-GCCcore-10.2.0
   gzip/1.10-GCCcore-11.2.0
   gzip/1.12-GCCcore-11.3.0
   gzip/1.12-GCCcore-12.2.0                         (D)
   h5py/3.7.0-foss-2022a
   help2man/1.47.7-GCCcore-8.2.0
   help2man/1.47.16-GCCcore-10.2.0
   help2man/1.48.3-GCCcore-10.3.0
   help2man/1.48.3-GCCcore-11.2.0
   help2man/1.49.2-GCCcore-11.3.0
   help2man/1.49.2-GCCcore-12.2.0
   help2man/1.49.3-GCCcore-12.3.0                   (D)
   hwloc/1.11.11-GCCcore-8.2.0
   hwloc/2.2.0-GCCcore-10.2.0
   hwloc/2.4.1-GCCcore-10.3.0
   hwloc/2.5.0-GCCcore-11.2.0
   hwloc/2.7.1-GCCcore-11.3.0
   hwloc/2.8.0-GCCcore-12.2.0
   hwloc/2.9.1-GCCcore-12.3.0                       (D)
   hypothesis/5.41.2-GCCcore-10.2.0
   hypothesis/6.14.6-GCCcore-11.2.0
   hypothesis/6.46.7-GCCcore-11.3.0
   hypothesis/6.68.2-GCCcore-12.2.0                 (D)
   intltool/0.51.0-GCCcore-10.2.0
   intltool/0.51.0-GCCcore-11.2.0
   intltool/0.51.0-GCCcore-11.3.0
   intltool/0.51.0-GCCcore-12.2.0                   (D)
   jbigkit/2.1-GCCcore-11.3.0
   jemalloc/5.2.1-GCCcore-11.2.0
   kim-api/2.3.0-GCCcore-11.2.0
   kim-api/2.3.0-GCCcore-11.3.0                     (D)
   libGLU/9.0.1-GCCcore-10.2.0
   libGLU/9.0.2-GCCcore-11.2.0
   libGLU/9.0.2-GCCcore-11.3.0                      (D)
   libaio/0.3.112-GCCcore-11.2.0
   libarchive/3.4.3-GCCcore-10.2.0
   libarchive/3.5.1-GCCcore-10.3.0
   libarchive/3.5.1-GCCcore-11.2.0
   libarchive/3.6.1-GCCcore-11.3.0
   libarchive/3.6.1-GCCcore-12.2.0
   libarchive/3.6.2-GCCcore-12.3.0                  (D)
   libdeflate/1.10-GCCcore-11.3.0
   libdrm/2.4.102-GCCcore-10.2.0
   libdrm/2.4.107-GCCcore-11.2.0
   libdrm/2.4.110-GCCcore-11.3.0                    (D)
   libevent/2.1.12-GCCcore-10.2.0
   libevent/2.1.12-GCCcore-10.3.0
   libevent/2.1.12-GCCcore-11.2.0
   libevent/2.1.12-GCCcore-11.3.0
   libevent/2.1.12-GCCcore-12.2.0
   libevent/2.1.12-GCCcore-12.3.0                   (D)
   libfabric/1.11.0-GCCcore-10.2.0
   libfabric/1.12.1-GCCcore-10.3.0
   libfabric/1.13.2-GCCcore-11.2.0
   libfabric/1.15.1-GCCcore-11.3.0
   libfabric/1.16.1-GCCcore-12.2.0
   libfabric/1.18.0-GCCcore-12.3.0                  (D)
   libffi/3.3-GCCcore-10.2.0
   libffi/3.3-GCCcore-10.3.0
   libffi/3.4.2-GCCcore-11.2.0
   libffi/3.4.2-GCCcore-11.3.0
   libffi/3.4.4-GCCcore-12.2.0
   libffi/3.4.4-GCCcore-12.3.0                      (D)
   libgeotiff/1.7.1-GCCcore-11.3.0
   libgit2/1.4.3-GCCcore-11.3.0
   libglvnd/1.3.2-GCCcore-10.2.0
   libglvnd/1.3.3-GCCcore-11.2.0
   libglvnd/1.4.0-GCCcore-11.3.0                    (D)
   libharu/2.3.0-foss-2021b
   libiconv/1.16-GCCcore-10.2.0
   libiconv/1.16-GCCcore-11.2.0
   libiconv/1.17-GCCcore-11.3.0
   libiconv/1.17-GCCcore-12.2.0                     (D)
   libjpeg-turbo/2.0.5-GCCcore-10.2.0
   libjpeg-turbo/2.0.6-GCCcore-11.2.0
   libjpeg-turbo/2.1.3-GCCcore-11.3.0               (D)
   libogg/1.3.5-GCCcore-11.3.0
   libopus/1.3.1-GCCcore-11.3.0
   libpciaccess/0.14-GCCcore-8.2.0
   libpciaccess/0.16-GCCcore-10.2.0
   libpciaccess/0.16-GCCcore-10.3.0
   libpciaccess/0.16-GCCcore-11.2.0
   libpciaccess/0.16-GCCcore-11.3.0
   libpciaccess/0.17-GCCcore-12.2.0
   libpciaccess/0.17-GCCcore-12.3.0                 (D)
   libpng/1.6.37-GCCcore-10.2.0
   libpng/1.6.37-GCCcore-11.2.0
   libpng/1.6.37-GCCcore-11.3.0
   libpng/1.6.38-GCCcore-12.2.0                     (D)
   libreadline/8.0-GCCcore-10.2.0
   libreadline/8.1-GCCcore-10.3.0
   libreadline/8.1-GCCcore-11.2.0
   libreadline/8.1.2-GCCcore-11.3.0
   libreadline/8.2-GCCcore-12.2.0
   libreadline/8.2-GCCcore-12.3.0                   (D)
   libsndfile/1.1.0-GCCcore-11.3.0
   libsodium/1.0.18-GCCcore-11.2.0
   libsodium/1.0.18-GCCcore-12.2.0                  (D)
   libtirpc/1.3.2-GCCcore-11.3.0
   libtool/2.4.6-GCCcore-8.2.0
   libtool/2.4.6-GCCcore-10.2.0
   libtool/2.4.6-GCCcore-10.3.0
   libtool/2.4.6-GCCcore-11.2.0
   libtool/2.4.7-GCCcore-11.3.0
   libtool/2.4.7-GCCcore-12.2.0
   libtool/2.4.7-GCCcore-12.3.0
   libtool/2.4.7                                    (D)
   libunwind/1.4.0-GCCcore-10.2.0
   libunwind/1.5.0-GCCcore-11.2.0
   libunwind/1.6.2-GCCcore-11.3.0                   (D)
   libvorbis/1.3.7-GCCcore-11.3.0
   libxml2/2.9.8-GCCcore-8.2.0
   libxml2/2.9.10-GCCcore-10.2.0
   libxml2/2.9.10-GCCcore-10.3.0
   libxml2/2.9.10-GCCcore-11.2.0
   libxml2/2.9.13-GCCcore-11.3.0
   libxml2/2.10.3-GCCcore-12.2.0
   libxml2/2.11.4-GCCcore-12.3.0                    (D)
   libxslt/1.1.34-GCCcore-11.3.0
   libxslt/1.1.37-GCCcore-12.2.0                    (D)
   libyaml/0.2.5-GCCcore-11.2.0
   libyaml/0.2.5-GCCcore-11.3.0
   libyaml/0.2.5-GCCcore-12.2.0                     (D)
   lxml/4.9.2-GCCcore-12.2.0
   lz4/1.9.2-GCCcore-10.2.0
   lz4/1.9.3-GCCcore-11.2.0
   lz4/1.9.3-GCCcore-11.3.0                         (D)
   make/4.3-GCCcore-10.2.0
   make/4.3-GCCcore-11.2.0
   make/4.3-GCCcore-11.3.0
   make/4.3-GCCcore-12.2.0
   make/4.4.1-GCCcore-12.3.0                        (D)
   makeinfo/6.7-GCCcore-10.2.0-minimal
   makeinfo/6.7-GCCcore-10.3.0-minimal              (D)
   minimap2/2.22-GCCcore-11.2.0
   ncbi-vdb/3.0.5-gompi-2021a
   ncurses/6.0
   ncurses/6.2-GCCcore-10.2.0
   ncurses/6.2-GCCcore-10.3.0
   ncurses/6.2-GCCcore-11.2.0
   ncurses/6.2
   ncurses/6.3-GCCcore-11.3.0
   ncurses/6.3-GCCcore-12.2.0
   ncurses/6.3
   ncurses/6.4-GCCcore-12.3.0                       (D)
   netCDF/4.7.4-gompi-2020b
   netCDF/4.8.1-gompi-2021b
   netCDF/4.9.0-gompi-2022a                         (D)
   nettle/3.8-GCCcore-11.3.0
   nettle/3.8.1-GCCcore-12.2.0                      (D)
   nlohmann_json/3.10.5-GCCcore-11.3.0
   nodejs/16.15.1-GCCcore-11.3.0
   numactl/2.0.12-GCCcore-8.2.0
   numactl/2.0.13-GCCcore-10.2.0
   numactl/2.0.14-GCCcore-10.3.0
   numactl/2.0.14-GCCcore-11.2.0
   numactl/2.0.14-GCCcore-11.3.0
   numactl/2.0.16-GCCcore-12.2.0
   numactl/2.0.16-GCCcore-12.3.0                    (D)
   pangolin/3.1.16-foss-2021b-pangoLEARN-2021-11-25
   picard/3.0.0-Java-17
   pixman/0.40.0-GCCcore-11.3.0
   pixman/0.42.2-GCCcore-12.2.0                     (D)
   pkg-config/0.29.2-GCCcore-10.2.0
   pkg-config/0.29.2-GCCcore-10.3.0
   pkg-config/0.29.2-GCCcore-11.2.0
   pkg-config/0.29.2-GCCcore-12.2.0                 (D)
   pkgconf/1.8.0-GCCcore-11.3.0
   pkgconf/1.8.0
   pkgconf/1.9.3-GCCcore-12.2.0
   pkgconf/1.9.5-GCCcore-12.3.0                     (D)
   pkgconfig/1.5.5-GCCcore-11.3.0-python
   protobuf/3.17.3-GCCcore-11.2.0
   protobuf/3.19.4-GCCcore-11.3.0                   (D)
   pybind11/2.6.0-GCCcore-10.2.0
   pybind11/2.7.1-GCCcore-11.2.0
   pybind11/2.9.2-GCCcore-11.3.0
   pybind11/2.10.3-GCCcore-12.2.0                   (D)
   pytest-xdist/2.5.0-GCCcore-11.3.0
   re2c/2.0.3-GCCcore-10.2.0
   scikit-learn/1.0.1-foss-2021b
   snakemake/6.10.0-foss-2021b
   snakemake/7.32.3-foss-2022b                      (D)
   snappy/1.1.8-GCCcore-10.2.0
   snappy/1.1.9-GCCcore-11.2.0                      (D)
   snpEff/5.0e-GCCcore-11.2.0-Java-11
   sparsehash/2.0.4-GCCcore-10.2.0
   tbb/2020.3-GCCcore-11.2.0
   tbb/2021.5.0-GCCcore-11.3.0                      (D)
   tcsh/6.24.01-GCCcore-11.3.0
   util-linux/2.36-GCCcore-10.2.0
   util-linux/2.37-GCCcore-11.2.0
   util-linux/2.38-GCCcore-11.3.0
   util-linux/2.38.1-GCCcore-12.2.0                 (D)
   wrapt/1.15.0-gfbf-2022b
   x264/20210613-GCCcore-11.2.0
   x264/20220620-GCCcore-11.3.0                     (D)
   x265/3.5-GCCcore-11.2.0
   x265/3.5-GCCcore-11.3.0                          (D)
   xorg-macros/1.19.2-GCCcore-8.2.0
   xorg-macros/1.19.2-GCCcore-10.2.0
   xorg-macros/1.19.3-GCCcore-10.3.0
   xorg-macros/1.19.3-GCCcore-11.2.0
   xorg-macros/1.19.3-GCCcore-11.3.0
   xorg-macros/1.19.3-GCCcore-12.2.0
   xorg-macros/1.20.0-GCCcore-12.3.0                (D)
   xxd/8.2.4220-GCCcore-11.2.0
   xxd/8.2.4220-GCCcore-11.3.0                      (D)
   zlib/1.2.8
   zlib/1.2.11-GCCcore-8.2.0
   zlib/1.2.11-GCCcore-10.2.0
   zlib/1.2.11-GCCcore-10.3.0
   zlib/1.2.11-GCCcore-11.2.0
   zlib/1.2.11
   zlib/1.2.12-GCCcore-11.3.0
   zlib/1.2.12-GCCcore-12.2.0
   zlib/1.2.12
   zlib/1.2.13-GCCcore-12.3.0
   zlib/1.2.13                                      (D)
   zstd/1.4.5-GCCcore-10.2.0
   zstd/1.5.0-GCCcore-11.2.0
   zstd/1.5.2-GCCcore-11.3.0                        (D)

-------------------- /usr/share/lmod/lmod/modulefiles/Core ---------------------
   lmod    settarg

  Where:
   Aliases:  Aliases exist: foo/1.2.3 (1.2) means that "module load foo/1.2" will load foo/1.2.3
   D:        Default Module

If the avail list is too long consider trying:

"module --default avail" or "ml -d av" to just list the default modules.
"module overview" or "ml ov" to display the number of modules for each name.

Use "module spider" to find all possible modules and extensions.
Use "module keyword key1 key2 ..." to search for all possible modules matching
any of the "keys".


2024-05-12 17:33:33.535770: E external/local_xla/xla/stream_executor/cuda/cuda_dnn.cc:9261] Unable to register cuDNN factory: Attempting to register factory for plugin cuDNN when one has already been registered
2024-05-12 17:33:33.535858: E external/local_xla/xla/stream_executor/cuda/cuda_fft.cc:607] Unable to register cuFFT factory: Attempting to register factory for plugin cuFFT when one has already been registered
2024-05-12 17:33:33.536629: E external/local_xla/xla/stream_executor/cuda/cuda_blas.cc:1515] Unable to register cuBLAS factory: Attempting to register factory for plugin cuBLAS when one has already been registered
2024-05-12 17:33:33.540949: I tensorflow/core/platform/cpu_feature_guard.cc:182] This TensorFlow binary is optimized to use available CPU instructions in performance-critical operations.
To enable the following instructions: AVX2 FMA, in other operations, rebuild TensorFlow with the appropriate compiler flags.
2024-05-12 17:33:34.424297: W tensorflow/compiler/tf2tensorrt/utils/py_utils.cc:38] TF-TRT Warning: Could not find TensorRT
Output Path: /home/sureshp/Landslide/outputs/folder_1715549615
Traceback (most recent call last):
  File "/home/sureshp/Landslide/scripts/unet.py", line 45, in <module>
    X_train, X_temp, y_train, y_temp = train_test_split(X, y, test_size=0.2, random_state=42)
  File "/home/sureshp/anaconda3/envs/ls/lib/python3.9/site-packages/sklearn/utils/_param_validation.py", line 213, in wrapper
    return func(*args, **kwargs)
  File "/home/sureshp/anaconda3/envs/ls/lib/python3.9/site-packages/sklearn/model_selection/_split.py", line 2660, in train_test_split
    n_train, n_test = _validate_shuffle_split(
  File "/home/sureshp/anaconda3/envs/ls/lib/python3.9/site-packages/sklearn/model_selection/_split.py", line 2308, in _validate_shuffle_split
    raise ValueError(
ValueError: With n_samples=0, test_size=0.2 and train_size=None, the resulting train set will be empty. Adjust any of the aforementioned parameters.
